<?xml version="1.0" encoding="UTF-8"?>
<testng-results ignored="0" total="1" passed="1" failed="0" skipped="0">
  <reporter-output>
  </reporter-output>
  <suite started-at="2023-01-28T00:39:17 IST" name="Default suite" finished-at="2023-01-28T00:39:24 IST" duration-ms="6968">
    <groups>
    </groups>
    <test started-at="2023-01-28T00:39:17 IST" name="Default test" finished-at="2023-01-28T00:39:24 IST" duration-ms="6968">
      <class name="TestNg.ActitimeTestNGLogin">
        <test-method signature="testLogin()[pri:0, instance:TestNg.ActitimeTestNGLogin@55536d9e]" started-at="2023-01-28T00:39:17 IST" name="testLogin" finished-at="2023-01-28T00:39:24 IST" duration-ms="6924" status="PASS">
          <reporter-output>
          </reporter-output>
        </test-method> <!-- testLogin -->
      </class> <!-- TestNg.ActitimeTestNGLogin -->
    </test> <!-- Default test -->
  </suite> <!-- Default suite -->
</testng-results>
