<?xml version="1.0" encoding="UTF-8"?>
<!-- Generated by org.testng.reporters.JUnitXMLReporter -->
<testsuite ignored="2" hostname="SIDDHARTH" failures="0" tests="1" name="Test(failed)(failed)(failed)" time="0.053" errors="0" timestamp="2023-01-19T19:57:56 IST">
  <testcase classname="TestNg.Demo" name="demo1" time="0.009"/>
  <testcase classname="TestNg.Demo" name="demo2" time="0.0">
    <ignored/>
  </testcase> <!-- demo2 -->
  <testcase classname="TestNg.Demo" name="demo" time="0.0">
    <ignored/>
  </testcase> <!-- demo -->
</testsuite> <!-- Test(failed)(failed)(failed) -->
